[Sun Mar 14 14:11:51.282596 2021] [ssl:warn] [pid 11504:tid 936] AH01873: Init: Session Cache is not configured [hint: SSLSessionCache]
[Sun Mar 14 14:11:51.313845 2021] [mpm_winnt:notice] [pid 11504:tid 936] AH00455: Apache/2.4.43 (Win32) OpenSSL/1.1.1f mod_wsgi/4.7.1 Python/3.7 configured -- resuming normal operations
[Sun Mar 14 14:11:51.313845 2021] [mpm_winnt:notice] [pid 11504:tid 936] AH00456: Server built: Mar 31 2020 12:15:32
[Sun Mar 14 14:11:51.313845 2021] [core:notice] [pid 11504:tid 936] AH00094: Command line: 'C:\\Program Files\\OMFLOW Server\\Apache24\\bin\\httpd.exe -d C:/Program Files/OMFLOW Server/Apache24'
[Sun Mar 14 14:11:51.343774 2021] [mpm_winnt:notice] [pid 11504:tid 936] AH00418: Parent: Created child process 236
[Sun Mar 14 14:11:56.037342 2021] [ssl:warn] [pid 236:tid 736] AH01873: Init: Session Cache is not configured [hint: SSLSessionCache]
[Sun Mar 14 14:11:56.927993 2021] [mpm_winnt:notice] [pid 236:tid 736] AH00354: Child: Starting 64 worker threads.
[Sun Mar 14 14:12:12.481813 2021] [wsgi:error] [pid 236:tid 2084] Migrations for 'omformmodel':\r
[Sun Mar 14 14:12:12.484810 2021] [wsgi:error] [pid 236:tid 2084]   C:\\Program Files\\OMFLOW Server\\omflow\\omformmodel\\migrations\\0001_initial.py\r
[Sun Mar 14 14:12:12.485813 2021] [wsgi:error] [pid 236:tid 2084]     - Create model Omdata_65147887cf6a4237a3ae2b5584623d30\r
[Sun Mar 14 14:12:12.485813 2021] [wsgi:error] [pid 236:tid 2084]     - Create model Omdata_65147887cf6a4237a3ae2b5584623d30_DataNo\r
[Sun Mar 14 14:12:12.485813 2021] [wsgi:error] [pid 236:tid 2084]     - Create model Omdata_65147887cf6a4237a3ae2b5584623d30_ValueHistory\r
[Sun Mar 14 14:12:12.788665 2021] [wsgi:error] [pid 236:tid 2084] Operations to perform:\r
[Sun Mar 14 14:12:12.788665 2021] [wsgi:error] [pid 236:tid 2084]   Apply all migrations: omformmodel\r
[Sun Mar 14 14:12:13.093671 2021] [wsgi:error] [pid 236:tid 2084] Running migrations:\r
[Sun Mar 14 14:12:13.481869 2021] [wsgi:error] [pid 236:tid 2084]   Applying omformmodel.0001_initial... OK\r
[Sun Mar 14 14:12:14.753557 2021] [wsgi:error] [pid 236:tid 2084] Migrations for 'omformmodel':\r
[Sun Mar 14 14:12:14.754558 2021] [wsgi:error] [pid 236:tid 2084]   C:\\Program Files\\OMFLOW Server\\omflow\\omformmodel\\migrations\\0002_omdata_738e0f41896f4478bc20987b0852c2d4_omdata_738e0f41896f4478bc20987b0852c2d4_datano_omdata_738e0f.py\r
[Sun Mar 14 14:12:14.754558 2021] [wsgi:error] [pid 236:tid 2084]     - Create model Omdata_738e0f41896f4478bc20987b0852c2d4\r
[Sun Mar 14 14:12:14.754558 2021] [wsgi:error] [pid 236:tid 2084]     - Create model Omdata_738e0f41896f4478bc20987b0852c2d4_DataNo\r
[Sun Mar 14 14:12:14.755559 2021] [wsgi:error] [pid 236:tid 2084]     - Create model Omdata_738e0f41896f4478bc20987b0852c2d4_ValueHistory\r
[Sun Mar 14 14:12:14.967085 2021] [wsgi:error] [pid 236:tid 2084] Operations to perform:\r
[Sun Mar 14 14:12:14.967085 2021] [wsgi:error] [pid 236:tid 2084]   Apply all migrations: omformmodel\r
[Sun Mar 14 14:12:15.297586 2021] [wsgi:error] [pid 236:tid 2084] Running migrations:\r
[Sun Mar 14 14:12:15.692539 2021] [wsgi:error] [pid 236:tid 2084]   Applying omformmodel.0002_omdata_738e0f41896f4478bc20987b0852c2d4_omdata_738e0f41896f4478bc20987b0852c2d4_datano_omdata_738e0f... OK\r
[Sun Mar 14 14:12:17.699067 2021] [wsgi:error] [pid 236:tid 2084] Migrations for 'omformmodel':\r
[Sun Mar 14 14:12:17.701065 2021] [wsgi:error] [pid 236:tid 2084]   C:\\Program Files\\OMFLOW Server\\omflow\\omformmodel\\migrations\\0003_omdata_1e1f6c4c66b84d46bccbcd9f51f96bb7_omdata_1e1f6c4c66b84d46bccbcd9f51f96bb7_datano_omdata_1e1f6c.py\r
[Sun Mar 14 14:12:17.701065 2021] [wsgi:error] [pid 236:tid 2084]     - Create model Omdata_1e1f6c4c66b84d46bccbcd9f51f96bb7\r
[Sun Mar 14 14:12:17.701065 2021] [wsgi:error] [pid 236:tid 2084]     - Create model Omdata_1e1f6c4c66b84d46bccbcd9f51f96bb7_DataNo\r
[Sun Mar 14 14:12:17.701065 2021] [wsgi:error] [pid 236:tid 2084]     - Create model Omdata_1e1f6c4c66b84d46bccbcd9f51f96bb7_ValueHistory\r
[Sun Mar 14 14:12:18.012198 2021] [wsgi:error] [pid 236:tid 2084] Operations to perform:\r
[Sun Mar 14 14:12:18.013197 2021] [wsgi:error] [pid 236:tid 2084]   Apply all migrations: omformmodel\r
[Sun Mar 14 14:12:18.458201 2021] [wsgi:error] [pid 236:tid 2084] Running migrations:\r
[Sun Mar 14 14:12:18.901195 2021] [wsgi:error] [pid 236:tid 2084]   Applying omformmodel.0003_omdata_1e1f6c4c66b84d46bccbcd9f51f96bb7_omdata_1e1f6c4c66b84d46bccbcd9f51f96bb7_datano_omdata_1e1f6c... OK\r
[Sun Mar 14 14:12:21.052966 2021] [wsgi:error] [pid 236:tid 2084] Migrations for 'omformmodel':\r
[Sun Mar 14 14:12:21.053969 2021] [wsgi:error] [pid 236:tid 2084]   C:\\Program Files\\OMFLOW Server\\omflow\\omformmodel\\migrations\\0004_omdata_a9016845ef2b4dc0bbf98c1cbd50e2ec_omdata_a9016845ef2b4dc0bbf98c1cbd50e2ec_datano_omdata_a90168.py\r
[Sun Mar 14 14:12:21.054966 2021] [wsgi:error] [pid 236:tid 2084]     - Create model Omdata_a9016845ef2b4dc0bbf98c1cbd50e2ec\r
[Sun Mar 14 14:12:21.054966 2021] [wsgi:error] [pid 236:tid 2084]     - Create model Omdata_a9016845ef2b4dc0bbf98c1cbd50e2ec_DataNo\r
[Sun Mar 14 14:12:21.054966 2021] [wsgi:error] [pid 236:tid 2084]     - Create model Omdata_a9016845ef2b4dc0bbf98c1cbd50e2ec_ValueHistory\r
[Sun Mar 14 14:12:21.257861 2021] [wsgi:error] [pid 236:tid 2084] Operations to perform:\r
[Sun Mar 14 14:12:21.257861 2021] [wsgi:error] [pid 236:tid 2084]   Apply all migrations: omformmodel\r
[Sun Mar 14 14:12:21.739940 2021] [wsgi:error] [pid 236:tid 2084] Running migrations:\r
[Sun Mar 14 14:12:22.330950 2021] [wsgi:error] [pid 236:tid 2084]   Applying omformmodel.0004_omdata_a9016845ef2b4dc0bbf98c1cbd50e2ec_omdata_a9016845ef2b4dc0bbf98c1cbd50e2ec_datano_omdata_a90168... OK\r
[Sun Mar 14 14:12:24.010069 2021] [wsgi:error] [pid 236:tid 2084] Migrations for 'omformmodel':\r
[Sun Mar 14 14:12:24.010069 2021] [wsgi:error] [pid 236:tid 2084]   C:\\Program Files\\OMFLOW Server\\omflow\\omformmodel\\migrations\\0005_omdata_2d2fe67815a34cafa606640bdc7a3209_omdata_2d2fe67815a34cafa606640bdc7a3209_datano_omdata_2d2fe6.py\r
[Sun Mar 14 14:12:24.010069 2021] [wsgi:error] [pid 236:tid 2084]     - Create model Omdata_2d2fe67815a34cafa606640bdc7a3209\r
[Sun Mar 14 14:12:24.010069 2021] [wsgi:error] [pid 236:tid 2084]     - Create model Omdata_2d2fe67815a34cafa606640bdc7a3209_DataNo\r
[Sun Mar 14 14:12:24.010069 2021] [wsgi:error] [pid 236:tid 2084]     - Create model Omdata_2d2fe67815a34cafa606640bdc7a3209_ValueHistory\r
[Sun Mar 14 14:12:24.228821 2021] [wsgi:error] [pid 236:tid 2084] Operations to perform:\r
[Sun Mar 14 14:12:24.228821 2021] [wsgi:error] [pid 236:tid 2084]   Apply all migrations: omformmodel\r
[Sun Mar 14 14:12:24.709247 2021] [wsgi:error] [pid 236:tid 2084] Running migrations:\r
[Sun Mar 14 14:12:25.253436 2021] [wsgi:error] [pid 236:tid 2084]   Applying omformmodel.0005_omdata_2d2fe67815a34cafa606640bdc7a3209_omdata_2d2fe67815a34cafa606640bdc7a3209_datano_omdata_2d2fe6... OK\r
[Sun Mar 14 14:12:27.083588 2021] [wsgi:error] [pid 236:tid 2084] Migrations for 'omformmodel':\r
[Sun Mar 14 14:12:27.085591 2021] [wsgi:error] [pid 236:tid 2084]   C:\\Program Files\\OMFLOW Server\\omflow\\omformmodel\\migrations\\0006_omdata_cf119f3e9198464f8fe1aff7a4e3e3b8_omdata_cf119f3e9198464f8fe1aff7a4e3e3b8_datano_omdata_cf119f.py\r
[Sun Mar 14 14:12:27.085591 2021] [wsgi:error] [pid 236:tid 2084]     - Create model Omdata_cf119f3e9198464f8fe1aff7a4e3e3b8\r
[Sun Mar 14 14:12:27.086591 2021] [wsgi:error] [pid 236:tid 2084]     - Create model Omdata_cf119f3e9198464f8fe1aff7a4e3e3b8_DataNo\r
[Sun Mar 14 14:12:27.086591 2021] [wsgi:error] [pid 236:tid 2084]     - Create model Omdata_cf119f3e9198464f8fe1aff7a4e3e3b8_ValueHistory\r
[Sun Mar 14 14:12:27.297724 2021] [wsgi:error] [pid 236:tid 2084] Operations to perform:\r
[Sun Mar 14 14:12:27.297724 2021] [wsgi:error] [pid 236:tid 2084]   Apply all migrations: omformmodel\r
[Sun Mar 14 14:12:27.731084 2021] [wsgi:error] [pid 236:tid 2084] Running migrations:\r
[Sun Mar 14 14:12:28.149844 2021] [wsgi:error] [pid 236:tid 2084]   Applying omformmodel.0006_omdata_cf119f3e9198464f8fe1aff7a4e3e3b8_omdata_cf119f3e9198464f8fe1aff7a4e3e3b8_datano_omdata_cf119f... OK\r
[Sun Mar 14 14:16:01.790971 2021] [wsgi:error] [pid 236:tid 2052] [client 127.0.0.1:62141] Operations to perform:\r, referer: http://127.0.0.1/
[Sun Mar 14 14:16:01.790971 2021] [wsgi:error] [pid 236:tid 2052] [client 127.0.0.1:62141]   Apply all migrations: omformmodel\r, referer: http://127.0.0.1/
[Sun Mar 14 14:16:02.304990 2021] [wsgi:error] [pid 236:tid 2052] [client 127.0.0.1:62141] Running migrations:\r, referer: http://127.0.0.1/
[Sun Mar 14 14:16:02.304990 2021] [wsgi:error] [pid 236:tid 2052] [client 127.0.0.1:62141]   No migrations to apply.\r, referer: http://127.0.0.1/
